<?xml version="1.0" encoding="UTF-8"?>
<!-- Generated by org.testng.reporters.JUnitReportReporter -->
<testsuite skipped="0" hostname="ip-172-31-30-73" name="com.amazonproject.testcases.AmazonTypesOfProduct" tests="1" failures="0" timestamp="2023-08-07T10:33:49 UTC" time="4.120" errors="0">
  <testcase name="amazonWebPage" time="4.120" classname="com.amazonproject.testcases.AmazonTypesOfProduct"/>
  <system-out/>
</testsuite> <!-- com.amazonproject.testcases.AmazonTypesOfProduct -->
